<?xml version="1.0" encoding="UTF-8"?>
<!-- Generated by org.testng.reporters.JUnitReportReporter -->
<testsuite skipped="0" hostname="Rajendra-PC" name="com.hsbc.digital.testauto.scripts.communication.LoginTest" tests="1" failures="0" timestamp="20 May 2018 06:13:10 GMT" time="15.254" errors="0">
  <testcase name="sentmessage" time="15.254" classname="com.hsbc.digital.testauto.scripts.communication.LoginTest"/>
</testsuite> <!-- com.hsbc.digital.testauto.scripts.communication.LoginTest -->
