<?xml version="1.0" encoding="UTF-8" ?>
<testsuite tests="1" failures="1" name="com.hsbc.digital.testauto.scripts.communication.LoginTest" time="3.263" errors="0" skipped="0">
  <properties>
    <property name="java.runtime.name" value="Java(TM) SE Runtime Environment"/>
    <property name="sun.boot.library.path" value="C:\Program Files\Java\jre1.8.0_171\bin"/>
    <property name="java.vm.version" value="25.171-b11"/>
    <property name="browser" value="chrome"/>
    <property name="java.vm.vendor" value="Oracle Corporation"/>
    <property name="java.vendor.url" value="http://java.oracle.com/"/>
    <property name="path.separator" value=";"/>
    <property name="guice.disable.misplaced.annotation.check" value="true"/>
    <property name="java.vm.name" value="Java HotSpot(TM) 64-Bit Server VM"/>
    <property name="file.encoding.pkg" value="sun.io"/>
    <property name="user.script" value=""/>
    <property name="user.country" value="US"/>
    <property name="sun.java.launcher" value="SUN_STANDARD"/>
    <property name="sun.os.patch.level" value="Service Pack 1"/>
    <property name="java.vm.specification.name" value="Java Virtual Machine Specification"/>
    <property name="user.dir" value="D:\eclipse\workspace\testAutomation"/>
    <property name="java.runtime.version" value="1.8.0_171-b11"/>
    <property name="java.awt.graphicsenv" value="sun.awt.Win32GraphicsEnvironment"/>
    <property name="java.endorsed.dirs" value="C:\Program Files\Java\jre1.8.0_171\lib\endorsed"/>
    <property name="os.arch" value="amd64"/>
    <property name="java.io.tmpdir" value="C:\Users\Rajendra\AppData\Local\Temp\"/>
    <property name="line.separator" value="
"/>
    <property name="java.vm.specification.vendor" value="Oracle Corporation"/>
    <property name="user.variant" value=""/>
    <property name="os.name" value="Windows 7"/>
    <property name="classworlds.conf" value="D:\javaselnium\eclipse\workspace\.metadata\.plugins\org.eclipse.m2e.launching\launches\m2conf567197424394731737.tmp"/>
    <property name="sun.jnu.encoding" value="Cp1252"/>
    <property name="java.library.path" value="C:\Program Files\Java\jre1.8.0_171\bin;C:\Windows\Sun\Java\bin;C:\Windows\system32;C:\Windows;C:/Program Files/Java/jre1.8.0_171/bin/server;C:/Program Files/Java/jre1.8.0_171/bin;C:/Program Files/Java/jre1.8.0_171/lib/amd64;C:\Program Files (x86)\Common Files\Oracle\Java\javapath;C:\Windows\system32;C:\Windows;C:\Windows\System32\Wbem;C:\Windows\System32\WindowsPowerShell\v1.0\;C:\Program Files\Intel\WiFi\bin\;C:\Program Files\Common Files\Intel\WirelessCommon\;C:\maven\apache-maven-3.5.3\bin;C:\Program Files\Intel\WiFi\bin\;C:\Program Files\Common Files\Intel\WirelessCommon\;C:\Python27;C:\Python27\Scripts;C:\Program Files\Java\jdk1.8.0_171\bin;D:\Softwares\Java Softwares\eclipse;;."/>
    <property name="java.specification.name" value="Java Platform API Specification"/>
    <property name="java.class.version" value="52.0"/>
    <property name="sun.management.compiler" value="HotSpot 64-Bit Tiered Compilers"/>
    <property name="os.version" value="6.1"/>
    <property name="user.home" value="C:\Users\Rajendra"/>
    <property name="user.timezone" value="Asia/Calcutta"/>
    <property name="java.awt.printerjob" value="sun.awt.windows.WPrinterJob"/>
    <property name="java.specification.version" value="1.8"/>
    <property name="file.encoding" value="Cp1252"/>
    <property name="user.name" value="Rajendra"/>
    <property name="java.class.path" value="/D:/Softwares/Java Softwares/eclipse/plugins/org.eclipse.m2e.maven.runtime_1.5.1.20150109-1819/jars/plexus-classworlds-2.5.1.jar"/>
    <property name="org.slf4j.simpleLogger.defaultLogLevel" value="info"/>
    <property name="java.vm.specification.version" value="1.8"/>
    <property name="sun.arch.data.model" value="64"/>
    <property name="java.home" value="C:\Program Files\Java\jre1.8.0_171"/>
    <property name="sun.java.command" value="org.codehaus.plexus.classworlds.launcher.Launcher -B test -Dbrowser=chrome"/>
    <property name="java.specification.vendor" value="Oracle Corporation"/>
    <property name="user.language" value="en"/>
    <property name="awt.toolkit" value="sun.awt.windows.WToolkit"/>
    <property name="java.vm.info" value="mixed mode"/>
    <property name="java.version" value="1.8.0_171"/>
    <property name="java.ext.dirs" value="C:\Program Files\Java\jre1.8.0_171\lib\ext;C:\Windows\Sun\Java\lib\ext"/>
    <property name="sun.boot.class.path" value="C:\Program Files\Java\jre1.8.0_171\lib\resources.jar;C:\Program Files\Java\jre1.8.0_171\lib\rt.jar;C:\Program Files\Java\jre1.8.0_171\lib\sunrsasign.jar;C:\Program Files\Java\jre1.8.0_171\lib\jsse.jar;C:\Program Files\Java\jre1.8.0_171\lib\jce.jar;C:\Program Files\Java\jre1.8.0_171\lib\charsets.jar;C:\Program Files\Java\jre1.8.0_171\lib\jfr.jar;C:\Program Files\Java\jre1.8.0_171\classes"/>
    <property name="java.vendor" value="Oracle Corporation"/>
    <property name="maven.home" value="D:\eclipse\workspace\testAutomation\EMBEDDED"/>
    <property name="file.separator" value="\"/>
    <property name="java.vendor.url.bug" value="http://bugreport.sun.com/bugreport/"/>
    <property name="sun.cpu.endian" value="little"/>
    <property name="sun.io.unicode.encoding" value="UnicodeLittle"/>
    <property name="sun.desktop" value="windows"/>
    <property name="sun.cpu.isalist" value="amd64"/>
  </properties>
  <testcase classname="com.hsbc.digital.testauto.scripts.communication.LoginTest" name="sentmessage" time="3.263">
    <failure type="java.lang.NullPointerException">java.lang.NullPointerException
	at sun.reflect.GeneratedMethodAccessor1.invoke(Unknown Source)
	at sun.reflect.DelegatingMethodAccessorImpl.invoke(Unknown Source)
	at java.lang.reflect.Method.invoke(Unknown Source)
	at org.openqa.selenium.support.pagefactory.internal.LocatingElementHandler.invoke(LocatingElementHandler.java:51)
	at com.sun.proxy.$Proxy5.isDisplayed(Unknown Source)
	at org.openqa.selenium.support.ui.ExpectedConditions.elementIfVisible(ExpectedConditions.java:302)
	at org.openqa.selenium.support.ui.ExpectedConditions.access$100(ExpectedConditions.java:41)
	at org.openqa.selenium.support.ui.ExpectedConditions$10.apply(ExpectedConditions.java:288)
	at org.openqa.selenium.support.ui.ExpectedConditions$10.apply(ExpectedConditions.java:285)
	at org.openqa.selenium.support.ui.ExpectedConditions$23.apply(ExpectedConditions.java:687)
	at org.openqa.selenium.support.ui.ExpectedConditions$23.apply(ExpectedConditions.java:680)
	at org.openqa.selenium.support.ui.FluentWait.until(FluentWait.java:238)
	at com.hsbc.digital.testauto.pageObject.GenericActions.clickOnElement(GenericActions.java:36)
	at com.hsbc.digital.testauto.pageObject.LoginGmail.clickOnCompose(LoginGmail.java:91)
	at com.hsbc.digital.testauto.pageObject.LoginGmail.composemail(LoginGmail.java:109)
	at com.hsbc.digital.testauto.scripts.communication.LoginTest.sentmessage(LoginTest.java:56)
</failure>
    <system-out>Configuring TestNG with: org.apache.maven.surefire.testng.conf.TestNG652Configurator@6504e3b2
</system-out>
    <system-err>Starting ChromeDriver 2.35.528161 (5b82f2d2aae0ca24b877009200ced9065a772e73) on port 18127
Only local connections are allowed.
log4j:WARN No appenders could be found for logger (org.apache.http.client.protocol.RequestAddCookies).
log4j:WARN Please initialize the log4j system properly.
log4j:WARN See http://logging.apache.org/log4j/1.2/faq.html#noconfig for more info.
</system-err>
  </testcase>
</testsuite>